<?xml version="1.0" encoding="UTF-8"?>
<!-- Generated by org.testng.reporters.JUnitXMLReporter -->
<testsuite ignored="0" hostname="DESKTOP-3BEJG3S" failures="0" tests="2" name="Default test" time="68.09" errors="0" timestamp="2022-11-28T15:09:47 IST">
  <testcase classname="seleniumrevision.IframeEgg" name="verifyThatJmeterYouTubeLinkIsClikable" time="2.606"/>
  <testcase classname="seleniumrevision.IframeEgg" name="verifyThatEmailTextBoxAcceptText" time="4.144"/>
</testsuite> <!-- Default test -->
