<?xml version="1.0" encoding="UTF-8"?>
<testng-results ignored="0" total="2" passed="2" failed="0" skipped="0">
  <reporter-output>
  </reporter-output>
  <suite started-at="2022-11-28T15:08:38 IST" name="Default suite" finished-at="2022-11-28T15:09:46 IST" duration-ms="68090">
    <groups>
    </groups>
    <test started-at="2022-11-28T15:08:38 IST" name="Default test" finished-at="2022-11-28T15:09:46 IST" duration-ms="68090">
      <class name="seleniumrevision.IframeEgg">
        <test-method is-config="true" signature="beforeMethod()[pri:0, instance:seleniumrevision.IframeEgg@121314f7]" started-at="2022-11-28T15:08:38 IST" name="beforeMethod" finished-at="2022-11-28T15:08:54 IST" duration-ms="16449" status="PASS">
          <reporter-output>
          </reporter-output>
        </test-method> <!-- beforeMethod -->
        <test-method signature="verifyThatJmeterYouTubeLinkIsClikable()[pri:1, instance:seleniumrevision.IframeEgg@121314f7]" started-at="2022-11-28T15:08:54 IST" name="verifyThatJmeterYouTubeLinkIsClikable" finished-at="2022-11-28T15:08:57 IST" duration-ms="2606" status="PASS">
          <reporter-output>
          </reporter-output>
        </test-method> <!-- verifyThatJmeterYouTubeLinkIsClikable -->
        <test-method is-config="true" signature="afterMethod()[pri:0, instance:seleniumrevision.IframeEgg@121314f7]" started-at="2022-11-28T15:08:57 IST" name="afterMethod" finished-at="2022-11-28T15:08:57 IST" duration-ms="1" status="PASS">
          <reporter-output>
          </reporter-output>
        </test-method> <!-- afterMethod -->
        <test-method is-config="true" signature="beforeMethod()[pri:0, instance:seleniumrevision.IframeEgg@121314f7]" started-at="2022-11-28T15:08:57 IST" name="beforeMethod" finished-at="2022-11-28T15:09:42 IST" duration-ms="44793" status="PASS">
          <reporter-output>
          </reporter-output>
        </test-method> <!-- beforeMethod -->
        <test-method signature="verifyThatEmailTextBoxAcceptText()[pri:2, instance:seleniumrevision.IframeEgg@121314f7]" started-at="2022-11-28T15:09:42 IST" name="verifyThatEmailTextBoxAcceptText" finished-at="2022-11-28T15:09:46 IST" duration-ms="4144" status="PASS">
          <reporter-output>
          </reporter-output>
        </test-method> <!-- verifyThatEmailTextBoxAcceptText -->
        <test-method is-config="true" signature="afterMethod()[pri:0, instance:seleniumrevision.IframeEgg@121314f7]" started-at="2022-11-28T15:09:46 IST" name="afterMethod" finished-at="2022-11-28T15:09:46 IST" duration-ms="1" status="PASS">
          <reporter-output>
          </reporter-output>
        </test-method> <!-- afterMethod -->
      </class> <!-- seleniumrevision.IframeEgg -->
    </test> <!-- Default test -->
  </suite> <!-- Default suite -->
</testng-results>
